<?xml version="1.0" encoding="UTF-8"?>
<testsuite name="com.props.adsmanager.ExampleUnitTest" tests="1" skipped="0" failures="0" errors="0" timestamp="2023-10-10T09:54:59" hostname="ALCUMIST" time="0.001">
  <properties/>
  <testcase name="addition_isCorrect" classname="com.props.adsmanager.ExampleUnitTest" time="0.001"/>
  <system-out><![CDATA[]]></system-out>
  <system-err><![CDATA[]]></system-err>
</testsuite>
